<?xml version="1.0" encoding="UTF-8"?>
<testsuites name="Mocha Tests" time="82.8050" tests="1" failures="0">
  <testsuite name="Root Suite" timestamp="2022-08-30T19:34:06" tests="0" file="cypress/integration/ShellBox.spec.js" time="0.0000" failures="0">
  </testsuite>
  <testsuite name="Créditos em Combustível" timestamp="2022-08-30T19:34:06" tests="1" time="82.8050" failures="0">
    <testcase name="Créditos em Combustível Usuário deverá realizar o resgate do ShellBox com sucesso" time="82.8050" classname="Usuário deverá realizar o resgate do ShellBox com sucesso">
    </testcase>
  </testsuite>
</testsuites>