<?xml version="1.0" encoding="UTF-8"?>
<testsuites name="Mocha Tests" time="45.7250" tests="1" failures="0">
  <testsuite name="Root Suite" timestamp="2022-09-13T20:13:33" tests="0" file="cypress/integration/Front-End/Pedidos.spec.js" time="0.0000" failures="0">
  </testsuite>
  <testsuite name="Verificar Pedidos" timestamp="2022-09-13T20:13:33" tests="1" time="45.7250" failures="0">
    <testcase name="Verificar Pedidos Usu치rio dever치 verificar pedidos confirmados" time="45.7250" classname="Usu치rio dever치 verificar pedidos confirmados">
    </testcase>
  </testsuite>
</testsuites>