<?xml version="1.0" encoding="UTF-8"?>
<testsuites name="Mocha Tests" time="0.0000" tests="1" failures="1">
  <testsuite name="Root Suite" timestamp="2022-09-09T14:50:08" tests="0" file="cypress/integration/Back/cy.loginrequest" time="0.0000" failures="0">
  </testsuite>
  <testsuite name="Acessando Login do participante com sucesso" timestamp="2022-09-09T14:50:08" tests="1" time="0.0000" failures="1">
    <testcase name="Acessando Login do participante com sucesso Consulta ao realizar login do participante" time="0.0000" classname="Consulta ao realizar login do participante">
      <failure message="cy.request(...) is not a function" type="TypeError"><![CDATA[TypeError: cy.request(...) is not a function
    at Context.eval (http://localhost:56660/__cypress/tests?p=cypress\integration\Back\cy.loginrequest:102:14)]]></failure>
    </testcase>
  </testsuite>
</testsuites>