<?xml version="1.0" encoding="UTF-8"?>
<testsuites name="Mocha Tests" time="4.0360" tests="1" failures="0">
  <testsuite name="Root Suite" timestamp="2022-09-21T21:13:25" tests="0" file="cypress/integration/Front-End/Homepage.spec.js" time="0.0000" failures="0">
  </testsuite>
  <testsuite name="Homepage" timestamp="2022-09-21T21:13:25" tests="1" time="4.0360" failures="0">
    <testcase name="Homepage Usu치rio dever치 realizar acesso a homepage do sistema" time="4.0360" classname="Usu치rio dever치 realizar acesso a homepage do sistema">
    </testcase>
  </testsuite>
</testsuites>