<?xml version="1.0" encoding="UTF-8"?>
<testsuites name="Mocha Tests" time="39.9430" tests="1" failures="0">
  <testsuite name="Root Suite" timestamp="2022-09-05T20:30:31" tests="0" file="cypress/integration/Pedidos.spec.js" time="0.0000" failures="0">
  </testsuite>
  <testsuite name="Verificar Pedidos" timestamp="2022-09-05T20:30:31" tests="1" time="39.9430" failures="0">
    <testcase name="Verificar Pedidos Usu치rio dever치 verificar pedidos confirmados" time="39.9430" classname="Usu치rio dever치 verificar pedidos confirmados">
    </testcase>
  </testsuite>
</testsuites>