<?xml version="1.0" encoding="UTF-8"?>
<testsuites name="Mocha Tests" time="32.8390" tests="1" failures="0">
  <testsuite name="Root Suite" timestamp="2022-09-06T16:48:33" tests="0" file="cypress/integration/Recarga_de_Celular.spec.js" time="0.0000" failures="0">
  </testsuite>
  <testsuite name="Recarga de Celular" timestamp="2022-09-06T16:48:33" tests="1" time="32.8390" failures="0">
    <testcase name="Recarga de Celular Usu치rio dever치 realizar a recarga de celular com sucesso" time="32.8390" classname="Usu치rio dever치 realizar a recarga de celular com sucesso">
    </testcase>
  </testsuite>
</testsuites>