<?xml version="1.0" encoding="UTF-8"?>
<testsuites name="Mocha Tests" time="0.0000" tests="1" failures="1">
  <testsuite name="Root Suite" timestamp="2022-09-05T18:36:09" tests="0" file="cypress/integration/Recarga_de_Celular.spec.js" time="0.0000" failures="0">
  </testsuite>
  <testsuite name="Recarga de Celular" timestamp="2022-09-05T18:36:09" tests="1" time="0.0000" failures="1">
    <testcase name="Recarga de Celular Usu치rio dever치 realizar a recarga de celular com sucesso" time="0.0000" classname="Usu치rio dever치 realizar a recarga de celular com sucesso">
      <failure message="Timed out retrying after 4000ms: Expected to find element: `input[id=&quot;op-Claro&quot;]`, but never found it." type="AssertionError"><![CDATA[AssertionError: Timed out retrying after 4000ms: Expected to find element: `input[id="op-Claro"]`, but never found it.
    at Context.eval (https://padrao-qa2.webpremios.digital/__cypress/tests?p=cypress\integration\Recarga_de_Celular.spec.js:126:8)]]></failure>
    </testcase>
  </testsuite>
</testsuites>