<?xml version="1.0" encoding="UTF-8"?>
<testsuites name="Mocha Tests" time="0.0000" tests="1" failures="1">
  <testsuite name="Root Suite" timestamp="2022-09-19T20:01:58" tests="0" file="cypress/integration/Front-End/ShellBox.spec.js" time="0.0000" failures="0">
  </testsuite>
  <testsuite name="Créditos em Combustível" timestamp="2022-09-19T20:01:58" tests="1" time="0.0000" failures="1">
    <testcase name="Créditos em Combustível Usuário deverá realizar o resgate do ShellBox com sucesso" time="0.0000" classname="Usuário deverá realizar o resgate do ShellBox com sucesso">
      <failure message="Timed out retrying after 4000ms: Expected to find content: &apos;Quantos créditos você deseja&apos; but never did." type="AssertionError"><![CDATA[AssertionError: Timed out retrying after 4000ms: Expected to find content: 'Quantos créditos você deseja' but never did.
    at Context.eval (https://padrao-qa2.webpremios.digital/__cypress/tests?p=cypress\integration\Front-End\ShellBox.spec.js:122:8)]]></failure>
    </testcase>
  </testsuite>
</testsuites>