<?xml version="1.0" encoding="UTF-8"?>
<testsuites name="Mocha Tests" time="37.3540" tests="1" failures="0">
  <testsuite name="Root Suite" timestamp="2022-11-03T17:48:25" tests="0" file="cypress/integration/Front-End/Pedidos.spec.js" time="0.0000" failures="0">
  </testsuite>
  <testsuite name="Verificar Pedidos" timestamp="2022-11-03T17:48:26" tests="1" time="37.3540" failures="0">
    <testcase name="Verificar Pedidos Usu치rio dever치 verificar pedidos confirmados" time="37.3540" classname="Usu치rio dever치 verificar pedidos confirmados">
    </testcase>
  </testsuite>
</testsuites>