<?xml version="1.0" encoding="UTF-8"?>
<testsuites name="Mocha Tests" time="38.7230" tests="1" failures="0">
  <testsuite name="Root Suite" timestamp="2022-11-03T17:46:25" tests="0" file="cypress/integration/Front-End/Login.spec.js" time="0.0000" failures="0">
  </testsuite>
  <testsuite name="Realizar Login" timestamp="2022-11-03T17:46:25" tests="1" time="38.7230" failures="0">
    <testcase name="Realizar Login Usu치rio dever치 realizar acesso ao sistema com sucesso" time="38.7230" classname="Usu치rio dever치 realizar acesso ao sistema com sucesso">
    </testcase>
  </testsuite>
</testsuites>