<?xml version="1.0" encoding="UTF-8"?>
<testsuites name="Mocha Tests" time="43.8880" tests="1" failures="0">
  <testsuite name="Root Suite" timestamp="2022-08-30T18:04:10" tests="0" file="cypress/integration/Login.spec.js" time="0.0000" failures="0">
  </testsuite>
  <testsuite name="Realizar Login" timestamp="2022-08-30T18:04:10" tests="1" time="43.8880" failures="0">
    <testcase name="Realizar Login Usu치rio dever치 realizar acesso ao sistema com sucesso" time="43.8880" classname="Usu치rio dever치 realizar acesso ao sistema com sucesso">
    </testcase>
  </testsuite>
</testsuites>