<?xml version="1.0" encoding="UTF-8"?>
<testsuites name="Mocha Tests" time="33.0190" tests="1" failures="0">
  <testsuite name="Root Suite" timestamp="2022-09-06T15:18:05" tests="0" file="cypress/integration/Login.spec.js" time="0.0000" failures="0">
  </testsuite>
  <testsuite name="Realizar Login" timestamp="2022-09-06T15:18:06" tests="1" time="33.0190" failures="0">
    <testcase name="Realizar Login Usu치rio dever치 realizar acesso ao sistema com sucesso" time="33.0190" classname="Usu치rio dever치 realizar acesso ao sistema com sucesso">
    </testcase>
  </testsuite>
</testsuites>