<?xml version="1.0" encoding="UTF-8"?>
<testsuites name="Mocha Tests" time="94.0470" tests="1" failures="0">
  <testsuite name="Root Suite" timestamp="2022-09-06T15:20:21" tests="0" file="cypress/integration/ShellBox.spec.js" time="0.0000" failures="0">
  </testsuite>
  <testsuite name="Créditos em Combustível" timestamp="2022-09-06T15:20:21" tests="1" time="94.0470" failures="0">
    <testcase name="Créditos em Combustível Usuário deverá realizar o resgate do ShellBox com sucesso" time="94.0470" classname="Usuário deverá realizar o resgate do ShellBox com sucesso">
    </testcase>
  </testsuite>
</testsuites>