<?xml version="1.0" encoding="UTF-8"?>
<testsuites name="Mocha Tests" time="0.0000" tests="1" failures="1">
  <testsuite name="Root Suite" timestamp="2022-10-06T18:02:01" tests="0" file="cypress/integration/Back-End/cy.createpix" time="0.0000" failures="0">
  </testsuite>
  <testsuite name="Create Pix Order" timestamp="2022-10-06T18:02:01" tests="1" time="0.0000" failures="1">
    <testcase name="Create Pix Order Deverá realizar a criação do Pix Order com sucesso" time="0.0000" classname="Deverá realizar a criação do Pix Order com sucesso">
      <failure message="`cy.request()` failed on:

https://partnerhuborderserviceqa.azurewebsites.net/api/Order/CreatePixOrder

The response we received from your web server was:

  &gt; 415: Unsupported Media Type

This was considered a failure because the status code was not `2xx` or `3xx`.

If you do not want status codes to cause failures pass the option: `failOnStatusCode: false`

-----------------------------------------------------------

The request we sent was:

Method: POST
URL: https://partnerhuborderserviceqa.azurewebsites.net/api/Order/CreatePixOrder
Headers: {
  &quot;Connection&quot;: &quot;keep-alive&quot;,
  &quot;user-agent&quot;: &quot;Mozilla/5.0 (Windows NT 10.0; Win64; x64) AppleWebKit/537.36 (KHTML, like Gecko) Cypress/9.7.0 Chrome/100.0.4896.75 Electron/18.0.4 Safari/537.36&quot;,
  &quot;accept&quot;: &quot;*/*&quot;,
  &quot;accept-encoding&quot;: &quot;gzip, deflate&quot;,
  &quot;content-length&quot;: 0
}

-----------------------------------------------------------

The response we got was:

Status: 415 - Unsupported Media Type
Headers: {
  &quot;content-length&quot;: &quot;290&quot;,
  &quot;content-type&quot;: &quot;application/problem+json; charset=utf-8&quot;,
  &quot;date&quot;: &quot;Thu, 06 Oct 2022 18:02:01 GMT&quot;,
  &quot;server&quot;: &quot;Microsoft-IIS/10.0&quot;,
  &quot;set-cookie&quot;: [
    &quot;ARRAffinity=02e30a34589abf125979e9c103f483c86efad3dacca64f2ec13d83f8bfffac7c;Path=/;HttpOnly;Secure;Domain=partnerhuborderserviceqa.azurewebsites.net&quot;,
    &quot;ARRAffinitySameSite=02e30a34589abf125979e9c103f483c86efad3dacca64f2ec13d83f8bfffac7c;Path=/;HttpOnly;SameSite=None;Secure;Domain=partnerhuborderserviceqa.azurewebsites.net&quot;
  ],
  &quot;strict-transport-security&quot;: &quot;max-age=2592000&quot;,
  &quot;x-correlation-id&quot;: &quot;c5fbe812-c966-469d-9b97-e9830ff05dea&quot;,
  &quot;x-powered-by&quot;: &quot;ASP.NET&quot;
}
Body: {
  &quot;$type&quot;: &quot;Microsoft.AspNetCore.Mvc.NewtonsoftJson.AnnotatedProblemDetails, Microsoft.AspNetCore.Mvc.NewtonsoftJson&quot;,
  &quot;type&quot;: &quot;https://tools.ietf.org/html/rfc7231#section-6.5.13&quot;,
  &quot;title&quot;: &quot;Unsupported Media Type&quot;,
  &quot;status&quot;: 415,
  &quot;traceId&quot;: &quot;00-e0815eaf2b90e057734937454a6c550f-fe14d32c1638b560-00&quot;
}


https://on.cypress.io/request" type="CypressError"><![CDATA[CypressError: `cy.request()` failed on:

https://partnerhuborderserviceqa.azurewebsites.net/api/Order/CreatePixOrder

The response we received from your web server was:

  > 415: Unsupported Media Type

This was considered a failure because the status code was not `2xx` or `3xx`.

If you do not want status codes to cause failures pass the option: `failOnStatusCode: false`

-----------------------------------------------------------

The request we sent was:

Method: POST
URL: https://partnerhuborderserviceqa.azurewebsites.net/api/Order/CreatePixOrder
Headers: {
  "Connection": "keep-alive",
  "user-agent": "Mozilla/5.0 (Windows NT 10.0; Win64; x64) AppleWebKit/537.36 (KHTML, like Gecko) Cypress/9.7.0 Chrome/100.0.4896.75 Electron/18.0.4 Safari/537.36",
  "accept": "*/*",
  "accept-encoding": "gzip, deflate",
  "content-length": 0
}

-----------------------------------------------------------

The response we got was:

Status: 415 - Unsupported Media Type
Headers: {
  "content-length": "290",
  "content-type": "application/problem+json; charset=utf-8",
  "date": "Thu, 06 Oct 2022 18:02:01 GMT",
  "server": "Microsoft-IIS/10.0",
  "set-cookie": [
    "ARRAffinity=02e30a34589abf125979e9c103f483c86efad3dacca64f2ec13d83f8bfffac7c;Path=/;HttpOnly;Secure;Domain=partnerhuborderserviceqa.azurewebsites.net",
    "ARRAffinitySameSite=02e30a34589abf125979e9c103f483c86efad3dacca64f2ec13d83f8bfffac7c;Path=/;HttpOnly;SameSite=None;Secure;Domain=partnerhuborderserviceqa.azurewebsites.net"
  ],
  "strict-transport-security": "max-age=2592000",
  "x-correlation-id": "c5fbe812-c966-469d-9b97-e9830ff05dea",
  "x-powered-by": "ASP.NET"
}
Body: {
  "$type": "Microsoft.AspNetCore.Mvc.NewtonsoftJson.AnnotatedProblemDetails, Microsoft.AspNetCore.Mvc.NewtonsoftJson",
  "type": "https://tools.ietf.org/html/rfc7231#section-6.5.13",
  "title": "Unsupported Media Type",
  "status": 415,
  "traceId": "00-e0815eaf2b90e057734937454a6c550f-fe14d32c1638b560-00"
}


https://on.cypress.io/request
    at http://localhost:60608/__cypress/runner/cypress_runner.js:165434:80
    at tryCatcher (http://localhost:60608/__cypress/runner/cypress_runner.js:13022:23)
    at Promise._settlePromiseFromHandler (http://localhost:60608/__cypress/runner/cypress_runner.js:10957:31)
    at Promise._settlePromise (http://localhost:60608/__cypress/runner/cypress_runner.js:11014:18)
    at Promise._settlePromise0 (http://localhost:60608/__cypress/runner/cypress_runner.js:11059:10)
    at Promise._settlePromises (http://localhost:60608/__cypress/runner/cypress_runner.js:11139:18)
    at _drainQueueStep (http://localhost:60608/__cypress/runner/cypress_runner.js:7729:12)
    at _drainQueue (http://localhost:60608/__cypress/runner/cypress_runner.js:7722:9)
    at Async.../../node_modules/bluebird/js/release/async.js.Async._drainQueues (http://localhost:60608/__cypress/runner/cypress_runner.js:7738:5)
    at Async.drainQueues (http://localhost:60608/__cypress/runner/cypress_runner.js:7608:14)
From Your Spec Code:
    at Context.eval (http://localhost:60608/__cypress/tests?p=cypress\integration\Back-End\cy.createpix:102:10)]]></failure>
    </testcase>
  </testsuite>
</testsuites>